2025-10-31 13:07:32.089 [] [background-preinit] INFO  o.h.validator.internal.util.Version.<clinit>(21) - HV000001: Hibernate Validator 8.0.3.Final
2025-10-31 13:07:32.156 [] [main] INFO  c.m.InventoryManagementSystemApplication.logStarting(53) - Starting InventoryManagementSystemApplication using Java 25 with PID 13344 (D:\Mis Project\ims\Backend\mis\target\classes started by Rahul Sharma in D:\Mis Project\ims\Backend)
2025-10-31 13:07:32.158 [] [main] INFO  c.m.InventoryManagementSystemApplication.logStartupProfileInfo(652) - No active profile set, falling back to 1 default profile: "default"
2025-10-31 13:07:33.052 [] [main] INFO  o.s.d.r.c.RepositoryConfigurationDelegate.registerRepositoriesIn(145) - Bootstrapping Spring Data JPA repositories in DEFAULT mode.
2025-10-31 13:07:33.117 [] [main] INFO  o.s.d.r.c.RepositoryConfigurationDelegate.registerRepositoriesIn(213) - Finished Spring Data repository scanning in 55 ms. Found 5 JPA repository interfaces.
2025-10-31 13:07:33.807 [] [main] INFO  o.s.b.w.e.tomcat.TomcatWebServer.initialize(111) - Tomcat initialized with port 8080 (http)
2025-10-31 13:07:33.828 [] [main] INFO  o.a.coyote.http11.Http11NioProtocol.log(168) - Initializing ProtocolHandler ["http-nio-8080"]
2025-10-31 13:07:33.831 [] [main] INFO  o.a.catalina.core.StandardService.log(168) - Starting service [Tomcat]
2025-10-31 13:07:33.832 [] [main] INFO  o.a.catalina.core.StandardEngine.log(168) - Starting Servlet engine: [Apache Tomcat/10.1.46]
2025-10-31 13:07:33.924 [] [main] INFO  o.a.c.c.C.[Tomcat].[localhost].[/].log(168) - Initializing Spring embedded WebApplicationContext
2025-10-31 13:07:33.925 [] [main] INFO  o.s.b.w.s.c.ServletWebServerApplicationContext.prepareWebApplicationContext(301) - Root WebApplicationContext: initialization completed in 1717 ms
2025-10-31 13:07:34.091 [] [main] INFO  o.h.jpa.internal.util.LogHelper.logPersistenceUnitInformation(31) - HHH000204: Processing PersistenceUnitInfo [name: default]
2025-10-31 13:07:34.198 [] [main] INFO  org.hibernate.Version.logVersion(44) - HHH000412: Hibernate ORM core version 6.6.29.Final
2025-10-31 13:07:34.245 [] [main] INFO  o.h.c.i.RegionFactoryInitiator.initiateService(50) - HHH000026: Second-level cache disabled
2025-10-31 13:07:34.545 [] [main] INFO  o.s.o.j.p.SpringPersistenceUnitInfo.addTransformer(87) - No LoadTimeWeaver setup: ignoring JPA class transformer
2025-10-31 13:07:34.564 [] [main] INFO  com.zaxxer.hikari.HikariDataSource.getConnection(109) - HikariPool-1 - Starting...
2025-10-31 13:07:34.839 [] [main] INFO  com.zaxxer.hikari.pool.HikariPool.checkFailFast(580) - HikariPool-1 - Added connection com.mysql.cj.jdbc.ConnectionImpl@15e5246
2025-10-31 13:07:34.841 [] [main] INFO  com.zaxxer.hikari.HikariDataSource.getConnection(122) - HikariPool-1 - Start completed.
2025-10-31 13:07:34.978 [] [main] INFO  o.hibernate.orm.connections.pooling.logConnectionInfo(163) - HHH10001005: Database info:
	Database JDBC URL [Connecting through datasource 'HikariDataSource (HikariPool-1)']
	Database driver: undefined/unknown
	Database version: 8.0.43
	Autocommit mode: undefined/unknown
	Isolation level: undefined/unknown
	Minimum pool size: undefined/unknown
	Maximum pool size: undefined/unknown
2025-10-31 13:07:36.591 [] [main] INFO  o.h.e.t.j.p.i.JtaPlatformInitiator.initiateService(59) - HHH000489: No JTA platform available (set 'hibernate.transaction.jta.platform' to enable JTA platform integration)
2025-10-31 13:07:36.746 [] [main] INFO  o.s.o.j.LocalContainerEntityManagerFactoryBean.buildNativeEntityManagerFactory(447) - Initialized JPA EntityManagerFactory for persistence unit 'default'
2025-10-31 13:07:37.331 [] [main] INFO  o.s.d.j.r.query.QueryEnhancerFactory.<clinit>(49) - Hibernate is in classpath; If applicable, HQL parser will be used.
2025-10-31 13:07:38.982 [] [main] INFO  o.s.s.c.a.a.c.InitializeUserDetailsBeanManagerConfigurer$InitializeUserDetailsManagerConfigurer.configure(110) - Global AuthenticationManager configured with UserDetailsService bean with name jwtCustomDetailsService
2025-10-31 13:07:39.058 [] [main] WARN  o.s.b.a.o.j.JpaBaseConfiguration$JpaWebConfiguration.openEntityManagerInViewInterceptor(258) - spring.jpa.open-in-view is enabled by default. Therefore, database queries may be performed during view rendering. Explicitly configure spring.jpa.open-in-view to disable this warning
2025-10-31 13:07:39.374 [] [main] DEBUG o.s.w.s.m.m.a.RequestMappingHandlerMapping.handlerMethodsInitialized(366) - 23 mappings in 'requestMappingHandlerMapping'
2025-10-31 13:07:39.472 [] [main] DEBUG o.s.w.s.h.SimpleUrlHandlerMapping.logMappings(187) - Patterns [/webjars/**, /**] in 'resourceHandlerMapping'
2025-10-31 13:07:39.588 [] [main] DEBUG o.s.w.s.m.m.a.RequestMappingHandlerAdapter.initControllerAdviceCache(666) - ControllerAdvice beans: 0 @ModelAttribute, 0 @InitBinder, 1 RequestBodyAdvice, 1 ResponseBodyAdvice
2025-10-31 13:07:39.877 [] [main] DEBUG o.s.w.s.m.m.a.ExceptionHandlerExceptionResolver.initExceptionHandlerAdviceCache(336) - ControllerAdvice beans: 2 @ExceptionHandler, 1 ResponseBodyAdvice
2025-10-31 13:07:40.229 [] [main] INFO  o.a.coyote.http11.Http11NioProtocol.log(168) - Starting ProtocolHandler ["http-nio-8080"]
2025-10-31 13:07:40.248 [] [main] INFO  o.s.b.w.e.tomcat.TomcatWebServer.start(243) - Tomcat started on port 8080 (http) with context path '/'
2025-10-31 13:07:40.257 [] [main] INFO  c.m.InventoryManagementSystemApplication.logStarted(59) - Started InventoryManagementSystemApplication in 8.785 seconds (process running for 9.314)
2025-10-31 13:09:29.191 [] [http-nio-8080-exec-1] INFO  o.a.c.c.C.[Tomcat].[localhost].[/].log(168) - Initializing Spring DispatcherServlet 'dispatcherServlet'
2025-10-31 13:09:29.192 [] [http-nio-8080-exec-1] INFO  o.s.web.servlet.DispatcherServlet.initServletBean(532) - Initializing Servlet 'dispatcherServlet'
2025-10-31 13:09:29.193 [] [http-nio-8080-exec-1] DEBUG o.s.web.servlet.DispatcherServlet.initMultipartResolver(533) - Detected StandardServletMultipartResolver
2025-10-31 13:09:29.193 [] [http-nio-8080-exec-1] DEBUG o.s.web.servlet.DispatcherServlet.initLocaleResolver(557) - Detected AcceptHeaderLocaleResolver
2025-10-31 13:09:29.194 [] [http-nio-8080-exec-1] DEBUG o.s.web.servlet.DispatcherServlet.initThemeResolver(583) - Detected FixedThemeResolver
2025-10-31 13:09:29.197 [] [http-nio-8080-exec-1] DEBUG o.s.web.servlet.DispatcherServlet.initRequestToViewNameTranslator(733) - Detected org.springframework.web.servlet.view.DefaultRequestToViewNameTranslator@32b1d581
2025-10-31 13:09:29.198 [] [http-nio-8080-exec-1] DEBUG o.s.web.servlet.DispatcherServlet.initFlashMapManager(797) - Detected org.springframework.web.servlet.support.SessionFlashMapManager@2f57fc23
2025-10-31 13:09:29.200 [] [http-nio-8080-exec-1] DEBUG o.s.web.servlet.DispatcherServlet.initServletBean(549) - enableLoggingRequestDetails='false': request parameters and headers will be masked to prevent unsafe logging of potentially sensitive data
2025-10-31 13:09:29.200 [] [http-nio-8080-exec-1] INFO  o.s.web.servlet.DispatcherServlet.initServletBean(554) - Completed initialization in 8 ms
2025-10-31 13:09:29.303 [ad85e287-b7c1-486c-b352-c059e5b34e8b] [http-nio-8080-exec-2] DEBUG o.s.web.servlet.DispatcherServlet.traceDebug(120) - POST "/organisation/login", parameters={}
2025-10-31 13:09:29.307 [ad85e287-b7c1-486c-b352-c059e5b34e8b] [http-nio-8080-exec-2] DEBUG o.s.w.s.m.m.a.RequestMappingHandlerMapping.getHandler(533) - Mapped to com.mis.Controller.OrganisationController#loginToOrganisation(LoginRequest)
2025-10-31 13:09:29.478 [ad85e287-b7c1-486c-b352-c059e5b34e8b] [http-nio-8080-exec-2] DEBUG o.s.w.s.m.m.a.RequestResponseBodyMethodProcessor.traceDebug(120) - Read "application/json;charset=UTF-8" to [LoginRequest(email=test14386+5@gmail.com, password=123456)]
2025-10-31 13:09:30.452 [ad85e287-b7c1-486c-b352-c059e5b34e8b] [http-nio-8080-exec-2] DEBUG o.s.w.s.m.m.a.HttpEntityMethodProcessor.writeWithMessageConverters(310) - Using 'application/json', given [*/*] and supported [application/json, application/*+json]
2025-10-31 13:09:30.456 [ad85e287-b7c1-486c-b352-c059e5b34e8b] [http-nio-8080-exec-2] DEBUG o.s.w.s.m.m.a.HttpEntityMethodProcessor.traceDebug(120) - Writing [{data=OrganisationResponse(id=14, name=Shiv Mart Pvt. Ltd., registrationNumber=dfghjksfa545, type=St (truncated)...]
2025-10-31 13:09:30.494 [ad85e287-b7c1-486c-b352-c059e5b34e8b] [http-nio-8080-exec-2] DEBUG o.s.web.servlet.DispatcherServlet.logResult(1138) - Completed 200 OK
2025-10-31 13:09:30.723 [1eb73a22-8755-4813-8e43-f6a2fe3e217d] [http-nio-8080-exec-7] DEBUG o.s.web.servlet.DispatcherServlet.traceDebug(120) - GET "/files/14", parameters={}
2025-10-31 13:09:30.723 [f9fdd553-847d-4043-a31c-9adedb109aa4] [http-nio-8080-exec-9] DEBUG o.s.web.servlet.DispatcherServlet.traceDebug(120) - GET "/organisation/14", parameters={}
2025-10-31 13:09:30.724 [52eb91ee-3944-4172-b55c-472908443f81] [http-nio-8080-exec-1] DEBUG o.s.web.servlet.DispatcherServlet.traceDebug(120) - GET "/dashboard/14", parameters={}
2025-10-31 13:09:30.725 [f9fdd553-847d-4043-a31c-9adedb109aa4] [http-nio-8080-exec-9] DEBUG o.s.w.s.m.m.a.RequestMappingHandlerMapping.getHandler(533) - Mapped to com.mis.Controller.OrganisationController#getMediaFile(Long)
2025-10-31 13:09:30.725 [1eb73a22-8755-4813-8e43-f6a2fe3e217d] [http-nio-8080-exec-7] DEBUG o.s.w.s.m.m.a.RequestMappingHandlerMapping.getHandler(533) - Mapped to com.mis.Controller.FilesController#getFiles(Long)
2025-10-31 13:09:30.726 [52eb91ee-3944-4172-b55c-472908443f81] [http-nio-8080-exec-1] DEBUG o.s.w.s.m.m.a.RequestMappingHandlerMapping.getHandler(533) - Mapped to com.mis.Controller.DashboardController#getDashboardStatistics(Long)
2025-10-31 13:09:30.767 [f9fdd553-847d-4043-a31c-9adedb109aa4] [http-nio-8080-exec-9] DEBUG o.s.w.s.m.m.a.HttpEntityMethodProcessor.writeWithMessageConverters(251) - Found 'Content-Type:image/png' in response
2025-10-31 13:09:30.769 [f9fdd553-847d-4043-a31c-9adedb109aa4] [http-nio-8080-exec-9] DEBUG o.s.w.s.m.m.a.HttpEntityMethodProcessor.traceDebug(120) - Writing [URL [file:///C:/ModuloBytes/ims/14/media/1/Screenshot%202025-10-23%20161813.png]]
2025-10-31 13:09:30.772 [1eb73a22-8755-4813-8e43-f6a2fe3e217d] [http-nio-8080-exec-7] DEBUG o.s.w.s.m.m.a.HttpEntityMethodProcessor.writeWithMessageConverters(310) - Using 'application/json', given [*/*] and supported [application/json, application/*+json]
2025-10-31 13:09:30.774 [1eb73a22-8755-4813-8e43-f6a2fe3e217d] [http-nio-8080-exec-7] DEBUG o.s.w.s.m.m.a.HttpEntityMethodProcessor.traceDebug(120) - Writing [[com.mis.Entity.Media@3c7ece9d, com.mis.Entity.Media@49433065, com.mis.Entity.Media@7d86de9c, com.mi (truncated)...]
2025-10-31 13:09:30.781 [f9fdd553-847d-4043-a31c-9adedb109aa4] [http-nio-8080-exec-9] DEBUG o.s.web.servlet.DispatcherServlet.logResult(1138) - Completed 200 OK
2025-10-31 13:09:30.787 [1eb73a22-8755-4813-8e43-f6a2fe3e217d] [http-nio-8080-exec-7] DEBUG o.s.web.servlet.DispatcherServlet.logResult(1138) - Completed 200 OK
2025-10-31 13:09:30.791 [32bf6640-02a4-456f-ace6-e4cb1230cd80] [http-nio-8080-exec-2] DEBUG o.s.web.servlet.DispatcherServlet.traceDebug(120) - GET "/organisation/14", parameters={}
2025-10-31 13:09:30.793 [32bf6640-02a4-456f-ace6-e4cb1230cd80] [http-nio-8080-exec-2] DEBUG o.s.w.s.m.m.a.RequestMappingHandlerMapping.getHandler(533) - Mapped to com.mis.Controller.OrganisationController#getMediaFile(Long)
2025-10-31 13:09:30.799 [52eb91ee-3944-4172-b55c-472908443f81] [http-nio-8080-exec-1] DEBUG o.s.w.s.m.m.a.HttpEntityMethodProcessor.writeWithMessageConverters(310) - Using 'application/json', given [*/*] and supported [application/json, application/*+json]
2025-10-31 13:09:30.800 [52eb91ee-3944-4172-b55c-472908443f81] [http-nio-8080-exec-1] DEBUG o.s.w.s.m.m.a.HttpEntityMethodProcessor.traceDebug(120) - Writing [{data=DashboardResponse(totalProducts=13, totalOrders=5, totalSalesAmount=1875.16), meta={message=Da (truncated)...]
2025-10-31 13:09:30.801 [a91f1d33-0a9c-4dc9-9713-0857fbeb2f89] [http-nio-8080-exec-3] DEBUG o.s.web.servlet.DispatcherServlet.traceDebug(120) - GET "/files/14", parameters={}
2025-10-31 13:09:30.802 [32bf6640-02a4-456f-ace6-e4cb1230cd80] [http-nio-8080-exec-2] DEBUG o.s.w.s.m.m.a.HttpEntityMethodProcessor.writeWithMessageConverters(251) - Found 'Content-Type:image/png' in response
2025-10-31 13:09:30.802 [a91f1d33-0a9c-4dc9-9713-0857fbeb2f89] [http-nio-8080-exec-3] DEBUG o.s.w.s.m.m.a.RequestMappingHandlerMapping.getHandler(533) - Mapped to com.mis.Controller.FilesController#getFiles(Long)
2025-10-31 13:09:30.803 [32bf6640-02a4-456f-ace6-e4cb1230cd80] [http-nio-8080-exec-2] DEBUG o.s.w.s.m.m.a.HttpEntityMethodProcessor.traceDebug(120) - Writing [URL [file:///C:/ModuloBytes/ims/14/media/1/Screenshot%202025-10-23%20161813.png]]
2025-10-31 13:09:30.807 [32bf6640-02a4-456f-ace6-e4cb1230cd80] [http-nio-8080-exec-2] DEBUG o.s.web.servlet.DispatcherServlet.logResult(1138) - Completed 200 OK
2025-10-31 13:09:30.809 [52eb91ee-3944-4172-b55c-472908443f81] [http-nio-8080-exec-1] DEBUG o.s.web.servlet.DispatcherServlet.logResult(1138) - Completed 200 OK
2025-10-31 13:09:30.815 [a91f1d33-0a9c-4dc9-9713-0857fbeb2f89] [http-nio-8080-exec-3] DEBUG o.s.w.s.m.m.a.HttpEntityMethodProcessor.writeWithMessageConverters(310) - Using 'application/json', given [*/*] and supported [application/json, application/*+json]
2025-10-31 13:09:30.817 [a91f1d33-0a9c-4dc9-9713-0857fbeb2f89] [http-nio-8080-exec-3] DEBUG o.s.w.s.m.m.a.HttpEntityMethodProcessor.traceDebug(120) - Writing [[com.mis.Entity.Media@f8b23c9, com.mis.Entity.Media@29d43cb4, com.mis.Entity.Media@3a682417, com.mis (truncated)...]
2025-10-31 13:09:30.822 [a91f1d33-0a9c-4dc9-9713-0857fbeb2f89] [http-nio-8080-exec-3] DEBUG o.s.web.servlet.DispatcherServlet.logResult(1138) - Completed 200 OK
2025-10-31 13:09:30.824 [4ecd9e22-ac9b-4dec-b9d1-979827aabefb] [http-nio-8080-exec-4] DEBUG o.s.web.servlet.DispatcherServlet.traceDebug(120) - GET "/dashboard/14", parameters={}
2025-10-31 13:09:30.826 [4ecd9e22-ac9b-4dec-b9d1-979827aabefb] [http-nio-8080-exec-4] DEBUG o.s.w.s.m.m.a.RequestMappingHandlerMapping.getHandler(533) - Mapped to com.mis.Controller.DashboardController#getDashboardStatistics(Long)
2025-10-31 13:09:30.836 [4ecd9e22-ac9b-4dec-b9d1-979827aabefb] [http-nio-8080-exec-4] DEBUG o.s.w.s.m.m.a.HttpEntityMethodProcessor.writeWithMessageConverters(310) - Using 'application/json', given [*/*] and supported [application/json, application/*+json]
2025-10-31 13:09:30.837 [4ecd9e22-ac9b-4dec-b9d1-979827aabefb] [http-nio-8080-exec-4] DEBUG o.s.w.s.m.m.a.HttpEntityMethodProcessor.traceDebug(120) - Writing [{data=DashboardResponse(totalProducts=13, totalOrders=5, totalSalesAmount=1875.16), meta={message=Da (truncated)...]
2025-10-31 13:09:30.839 [4ecd9e22-ac9b-4dec-b9d1-979827aabefb] [http-nio-8080-exec-4] DEBUG o.s.web.servlet.DispatcherServlet.logResult(1138) - Completed 200 OK
2025-10-31 13:09:34.875 [26c62ee7-2376-404a-8663-433fc63ac186] [http-nio-8080-exec-10] DEBUG o.s.web.servlet.DispatcherServlet.traceDebug(120) - GET "/files?fileId=5&organisationId=14", parameters={masked}
2025-10-31 13:09:34.876 [26c62ee7-2376-404a-8663-433fc63ac186] [http-nio-8080-exec-10] DEBUG o.s.w.s.m.m.a.RequestMappingHandlerMapping.getHandler(533) - Mapped to com.mis.Controller.FilesController#getMediaFile(Long, Long)
2025-10-31 13:09:34.891 [26c62ee7-2376-404a-8663-433fc63ac186] [http-nio-8080-exec-10] DEBUG o.s.w.s.m.m.a.HttpEntityMethodProcessor.writeWithMessageConverters(251) - Found 'Content-Type:image/png' in response
2025-10-31 13:09:34.891 [26c62ee7-2376-404a-8663-433fc63ac186] [http-nio-8080-exec-10] DEBUG o.s.w.s.m.m.a.HttpEntityMethodProcessor.traceDebug(120) - Writing [URL [file:///C:/ModuloBytes/ims/14/media/image/Screenshot%202025-10-15%20100328.png]]
2025-10-31 13:09:34.894 [26c62ee7-2376-404a-8663-433fc63ac186] [http-nio-8080-exec-10] DEBUG o.s.web.servlet.DispatcherServlet.logResult(1138) - Completed 200 OK
2025-10-31 13:09:40.311 [35749019-6c4f-42cb-824f-6b468b3489fc] [http-nio-8080-exec-6] DEBUG o.s.web.servlet.DispatcherServlet.traceDebug(120) - GET "/files?fileId=12&organisationId=14", parameters={masked}
2025-10-31 13:09:40.312 [35749019-6c4f-42cb-824f-6b468b3489fc] [http-nio-8080-exec-6] DEBUG o.s.w.s.m.m.a.RequestMappingHandlerMapping.getHandler(533) - Mapped to com.mis.Controller.FilesController#getMediaFile(Long, Long)
2025-10-31 13:09:40.320 [35749019-6c4f-42cb-824f-6b468b3489fc] [http-nio-8080-exec-6] DEBUG o.s.w.s.m.m.a.HttpEntityMethodProcessor.writeWithMessageConverters(251) - Found 'Content-Type:video/mp4' in response
2025-10-31 13:09:40.321 [35749019-6c4f-42cb-824f-6b468b3489fc] [http-nio-8080-exec-6] DEBUG o.s.w.s.m.m.a.HttpEntityMethodProcessor.traceDebug(120) - Writing [URL [file:///C:/ModuloBytes/ims/14/media/video/💫Om%20namo%20bagavate%20vasudevaya%20🕉️%20%23vishnu (truncated)...]
2025-10-31 13:09:40.326 [35749019-6c4f-42cb-824f-6b468b3489fc] [http-nio-8080-exec-6] WARN  o.a.coyote.http11.Http11Processor.log(170) - The HTTP response header [Content-Disposition] with value [inline; filename="💫Om namo bagavate vasudevaya 🕉️ #vishnu #mahavatarnarsimha #divination #narasimha.mp4"] has been removed from the response because it is invalid
java.lang.IllegalArgumentException: The Unicode character [?] at code point [55,357] cannot be encoded as it is outside the permitted range of 0 to 255
	at org.apache.tomcat.util.buf.MessageBytes.toBytesSimple(MessageBytes.java:310)
	at org.apache.tomcat.util.buf.MessageBytes.toBytes(MessageBytes.java:283)
	at org.apache.coyote.http11.Http11OutputBuffer.write(Http11OutputBuffer.java:400)
	at org.apache.coyote.http11.Http11OutputBuffer.sendHeader(Http11OutputBuffer.java:379)
	at org.apache.coyote.http11.Http11Processor.writeHeaders(Http11Processor.java:1067)
	at org.apache.coyote.http11.Http11Processor.prepareResponse(Http11Processor.java:1054)
	at org.apache.coyote.AbstractProcessor.action(AbstractProcessor.java:377)
	at org.apache.coyote.Response.action(Response.java:208)
	at org.apache.coyote.http11.Http11OutputBuffer.doWrite(Http11OutputBuffer.java:187)
	at org.apache.coyote.Response.doWrite(Response.java:628)
	at org.apache.catalina.connector.OutputBuffer.realWriteBytes(OutputBuffer.java:330)
	at org.apache.catalina.connector.OutputBuffer.appendByteArray(OutputBuffer.java:747)
	at org.apache.catalina.connector.OutputBuffer.append(OutputBuffer.java:668)
	at org.apache.catalina.connector.OutputBuffer.writeBytes(OutputBuffer.java:377)
	at org.apache.catalina.connector.OutputBuffer.write(OutputBuffer.java:355)
	at org.apache.catalina.connector.CoyoteOutputStream.write(CoyoteOutputStream.java:102)
	at org.springframework.security.web.util.OnCommittedResponseWrapper$SaveContextServletOutputStream.write(OnCommittedResponseWrapper.java:639)
	at org.springframework.web.context.request.async.StandardServletAsyncWebRequest$LifecycleServletOutputStream.write(StandardServletAsyncWebRequest.java:401)
	at java.base/java.io.InputStream.transferTo(InputStream.java:796)
	at java.base/java.io.FileInputStream.transferTo(FileInputStream.java:390)
	at java.base/java.io.BufferedInputStream.transferTo(BufferedInputStream.java:549)
	at org.springframework.http.converter.ResourceHttpMessageConverter.writeContent(ResourceHttpMessageConverter.java:160)
	at org.springframework.http.converter.ResourceHttpMessageConverter.writeInternal(ResourceHttpMessageConverter.java:115)
	at org.springframework.http.converter.ResourceHttpMessageConverter.writeInternal(ResourceHttpMessageConverter.java:46)
	at org.springframework.http.converter.AbstractHttpMessageConverter.write(AbstractHttpMessageConverter.java:235)
	at org.springframework.web.servlet.mvc.method.annotation.AbstractMessageConverterMethodProcessor.writeWithMessageConverters(AbstractMessageConverterMethodProcessor.java:344)
	at org.springframework.web.servlet.mvc.method.annotation.HttpEntityMethodProcessor.handleReturnValue(HttpEntityMethodProcessor.java:263)
	at org.springframework.web.servlet.mvc.method.annotation.ResponseEntityReturnValueHandler.handleReturnValue(ResponseEntityReturnValueHandler.java:79)
	at org.springframework.web.method.support.HandlerMethodReturnValueHandlerComposite.handleReturnValue(HandlerMethodReturnValueHandlerComposite.java:78)
	at org.springframework.web.servlet.mvc.method.annotation.ServletInvocableHandlerMethod.invokeAndHandle(ServletInvocableHandlerMethod.java:136)
	at org.springframework.web.servlet.mvc.method.annotation.RequestMappingHandlerAdapter.invokeHandlerMethod(RequestMappingHandlerAdapter.java:991)
	at org.springframework.web.servlet.mvc.method.annotation.RequestMappingHandlerAdapter.handleInternal(RequestMappingHandlerAdapter.java:896)
	at org.springframework.web.servlet.mvc.method.AbstractHandlerMethodAdapter.handle(AbstractHandlerMethodAdapter.java:87)
	at org.springframework.web.servlet.DispatcherServlet.doDispatch(DispatcherServlet.java:1089)
	at org.springframework.web.servlet.DispatcherServlet.doService(DispatcherServlet.java:979)
	at org.springframework.web.servlet.FrameworkServlet.processRequest(FrameworkServlet.java:1014)
	at org.springframework.web.servlet.FrameworkServlet.doGet(FrameworkServlet.java:903)
	at jakarta.servlet.http.HttpServlet.service(HttpServlet.java:564)
	at org.springframework.web.servlet.FrameworkServlet.service(FrameworkServlet.java:885)
	at jakarta.servlet.http.HttpServlet.service(HttpServlet.java:658)
	at org.apache.catalina.core.ApplicationFilterChain.internalDoFilter(ApplicationFilterChain.java:195)
	at org.apache.catalina.core.ApplicationFilterChain.doFilter(ApplicationFilterChain.java:140)
	at org.apache.tomcat.websocket.server.WsFilter.doFilter(WsFilter.java:51)
	at org.apache.catalina.core.ApplicationFilterChain.internalDoFilter(ApplicationFilterChain.java:164)
	at org.apache.catalina.core.ApplicationFilterChain.doFilter(ApplicationFilterChain.java:140)
	at com.mis.Configuration.RequestIdFilter.doFilter(RequestIdFilter.java:19)
	at org.apache.catalina.core.ApplicationFilterChain.internalDoFilter(ApplicationFilterChain.java:164)
	at org.apache.catalina.core.ApplicationFilterChain.doFilter(ApplicationFilterChain.java:140)
	at org.springframework.web.filter.OncePerRequestFilter.doFilter(OncePerRequestFilter.java:110)
	at org.apache.catalina.core.ApplicationFilterChain.internalDoFilter(ApplicationFilterChain.java:164)
	at org.apache.catalina.core.ApplicationFilterChain.doFilter(ApplicationFilterChain.java:140)
	at org.springframework.web.filter.CompositeFilter$VirtualFilterChain.doFilter(CompositeFilter.java:108)
	at org.springframework.web.filter.CompositeFilter$VirtualFilterChain.doFilter(CompositeFilter.java:108)
	at org.springframework.security.web.FilterChainProxy.lambda$doFilterInternal$3(FilterChainProxy.java:231)
	at org.springframework.security.web.FilterChainProxy$VirtualFilterChain.doFilter(FilterChainProxy.java:365)
	at org.springframework.security.web.access.intercept.AuthorizationFilter.doFilter(AuthorizationFilter.java:101)
	at org.springframework.security.web.FilterChainProxy$VirtualFilterChain.doFilter(FilterChainProxy.java:374)
	at org.springframework.security.web.access.ExceptionTranslationFilter.doFilter(ExceptionTranslationFilter.java:125)
	at org.springframework.security.web.access.ExceptionTranslationFilter.doFilter(ExceptionTranslationFilter.java:119)
	at org.springframework.security.web.FilterChainProxy$VirtualFilterChain.doFilter(FilterChainProxy.java:374)
	at org.springframework.security.web.session.SessionManagementFilter.doFilter(SessionManagementFilter.java:131)
	at org.springframework.security.web.session.SessionManagementFilter.doFilter(SessionManagementFilter.java:85)
	at org.springframework.security.web.FilterChainProxy$VirtualFilterChain.doFilter(FilterChainProxy.java:374)
	at org.springframework.security.web.authentication.AnonymousAuthenticationFilter.doFilter(AnonymousAuthenticationFilter.java:100)
	at org.springframework.security.web.FilterChainProxy$VirtualFilterChain.doFilter(FilterChainProxy.java:374)
	at org.springframework.security.web.servletapi.SecurityContextHolderAwareRequestFilter.doFilter(SecurityContextHolderAwareRequestFilter.java:179)
	at org.springframework.security.web.FilterChainProxy$VirtualFilterChain.doFilter(FilterChainProxy.java:374)
	at org.springframework.security.web.savedrequest.RequestCacheAwareFilter.doFilter(RequestCacheAwareFilter.java:63)
	at org.springframework.security.web.FilterChainProxy$VirtualFilterChain.doFilter(FilterChainProxy.java:374)
	at com.mis.Configuration.JwtFilter.doFilterInternal(JwtFilter.java:46)
	at org.springframework.web.filter.OncePerRequestFilter.doFilter(OncePerRequestFilter.java:116)
	at org.springframework.security.web.FilterChainProxy$VirtualFilterChain.doFilter(FilterChainProxy.java:374)
	at org.springframework.security.web.authentication.logout.LogoutFilter.doFilter(LogoutFilter.java:107)
	at org.springframework.security.web.authentication.logout.LogoutFilter.doFilter(LogoutFilter.java:93)
	at org.springframework.security.web.FilterChainProxy$VirtualFilterChain.doFilter(FilterChainProxy.java:374)
	at org.springframework.web.filter.CorsFilter.doFilterInternal(CorsFilter.java:91)
	at org.springframework.web.filter.OncePerRequestFilter.doFilter(OncePerRequestFilter.java:116)
	at org.springframework.security.web.FilterChainProxy$VirtualFilterChain.doFilter(FilterChainProxy.java:374)
	at org.springframework.security.web.header.HeaderWriterFilter.doHeadersAfter(HeaderWriterFilter.java:90)
	at org.springframework.security.web.header.HeaderWriterFilter.doFilterInternal(HeaderWriterFilter.java:75)
	at org.springframework.web.filter.OncePerRequestFilter.doFilter(OncePerRequestFilter.java:116)
	at org.springframework.security.web.FilterChainProxy$VirtualFilterChain.doFilter(FilterChainProxy.java:374)
	at org.springframework.security.web.context.SecurityContextHolderFilter.doFilter(SecurityContextHolderFilter.java:82)
	at org.springframework.security.web.context.SecurityContextHolderFilter.doFilter(SecurityContextHolderFilter.java:69)
	at org.springframework.security.web.FilterChainProxy$VirtualFilterChain.doFilter(FilterChainProxy.java:374)
	at org.springframework.security.web.context.request.async.WebAsyncManagerIntegrationFilter.doFilterInternal(WebAsyncManagerIntegrationFilter.java:62)
	at org.springframework.web.filter.OncePerRequestFilter.doFilter(OncePerRequestFilter.java:116)
	at org.springframework.security.web.FilterChainProxy$VirtualFilterChain.doFilter(FilterChainProxy.java:374)
	at org.springframework.security.web.session.DisableEncodeUrlFilter.doFilterInternal(DisableEncodeUrlFilter.java:42)
	at org.springframework.web.filter.OncePerRequestFilter.doFilter(OncePerRequestFilter.java:116)
	at org.springframework.security.web.FilterChainProxy$VirtualFilterChain.doFilter(FilterChainProxy.java:374)
	at org.springframework.security.web.FilterChainProxy.doFilterInternal(FilterChainProxy.java:233)
	at org.springframework.security.web.FilterChainProxy.doFilter(FilterChainProxy.java:191)
	at org.springframework.web.filter.CompositeFilter$VirtualFilterChain.doFilter(CompositeFilter.java:113)
	at org.springframework.web.filter.ServletRequestPathFilter.doFilter(ServletRequestPathFilter.java:52)
	at org.springframework.web.filter.CompositeFilter$VirtualFilterChain.doFilter(CompositeFilter.java:113)
	at org.springframework.web.filter.CompositeFilter.doFilter(CompositeFilter.java:74)
	at org.springframework.security.config.annotation.web.configuration.WebSecurityConfiguration$CompositeFilterChainProxy.doFilter(WebSecurityConfiguration.java:319)
	at org.springframework.web.filter.CompositeFilter$VirtualFilterChain.doFilter(CompositeFilter.java:113)
	at org.springframework.web.servlet.handler.HandlerMappingIntrospector.lambda$createCacheFilter$4(HandlerMappingIntrospector.java:267)
	at org.springframework.web.filter.CompositeFilter$VirtualFilterChain.doFilter(CompositeFilter.java:113)
	at org.springframework.web.filter.CompositeFilter.doFilter(CompositeFilter.java:74)
	at org.springframework.security.config.annotation.web.configuration.WebMvcSecurityConfiguration$CompositeFilterChainProxy.doFilter(WebMvcSecurityConfiguration.java:240)
	at org.springframework.web.filter.DelegatingFilterProxy.invokeDelegate(DelegatingFilterProxy.java:362)
	at org.springframework.web.filter.DelegatingFilterProxy.doFilter(DelegatingFilterProxy.java:278)
	at org.apache.catalina.core.ApplicationFilterChain.internalDoFilter(ApplicationFilterChain.java:164)
	at org.apache.catalina.core.ApplicationFilterChain.doFilter(ApplicationFilterChain.java:140)
	at org.springframework.web.filter.RequestContextFilter.doFilterInternal(RequestContextFilter.java:100)
	at org.springframework.web.filter.OncePerRequestFilter.doFilter(OncePerRequestFilter.java:116)
	at org.apache.catalina.core.ApplicationFilterChain.internalDoFilter(ApplicationFilterChain.java:164)
	at org.apache.catalina.core.ApplicationFilterChain.doFilter(ApplicationFilterChain.java:140)
	at org.springframework.web.filter.FormContentFilter.doFilterInternal(FormContentFilter.java:93)
	at org.springframework.web.filter.OncePerRequestFilter.doFilter(OncePerRequestFilter.java:116)
	at org.apache.catalina.core.ApplicationFilterChain.internalDoFilter(ApplicationFilterChain.java:164)
	at org.apache.catalina.core.ApplicationFilterChain.doFilter(ApplicationFilterChain.java:140)
	at org.springframework.web.filter.CharacterEncodingFilter.doFilterInternal(CharacterEncodingFilter.java:201)
	at org.springframework.web.filter.OncePerRequestFilter.doFilter(OncePerRequestFilter.java:116)
	at org.apache.catalina.core.ApplicationFilterChain.internalDoFilter(ApplicationFilterChain.java:164)
	at org.apache.catalina.core.ApplicationFilterChain.doFilter(ApplicationFilterChain.java:140)
	at org.apache.catalina.core.StandardWrapperValve.invoke(StandardWrapperValve.java:167)
	at org.apache.catalina.core.StandardContextValve.invoke(StandardContextValve.java:90)
	at org.apache.catalina.authenticator.AuthenticatorBase.invoke(AuthenticatorBase.java:483)
	at org.apache.catalina.core.StandardHostValve.invoke(StandardHostValve.java:116)
	at org.apache.catalina.valves.ErrorReportValve.invoke(ErrorReportValve.java:93)
	at org.apache.catalina.core.StandardEngineValve.invoke(StandardEngineValve.java:74)
	at org.apache.catalina.connector.CoyoteAdapter.service(CoyoteAdapter.java:344)
	at org.apache.coyote.http11.Http11Processor.service(Http11Processor.java:398)
	at org.apache.coyote.AbstractProcessorLight.process(AbstractProcessorLight.java:63)
	at org.apache.coyote.AbstractProtocol$ConnectionHandler.process(AbstractProtocol.java:903)
	at org.apache.tomcat.util.net.NioEndpoint$SocketProcessor.doRun(NioEndpoint.java:1776)
	at org.apache.tomcat.util.net.SocketProcessorBase.run(SocketProcessorBase.java:52)
	at org.apache.tomcat.util.threads.ThreadPoolExecutor.runWorker(ThreadPoolExecutor.java:975)
	at org.apache.tomcat.util.threads.ThreadPoolExecutor$Worker.run(ThreadPoolExecutor.java:493)
	at org.apache.tomcat.util.threads.TaskThread$WrappingRunnable.run(TaskThread.java:63)
	at java.base/java.lang.Thread.run(Thread.java:1474)
2025-10-31 13:09:40.349 [35749019-6c4f-42cb-824f-6b468b3489fc] [http-nio-8080-exec-6] DEBUG o.s.web.servlet.DispatcherServlet.logResult(1138) - Completed 200 OK
2025-10-31 13:09:47.289 [5ba62cfa-11cb-47f5-8c56-8d8f10ae659b] [http-nio-8080-exec-7] DEBUG o.s.web.servlet.DispatcherServlet.traceDebug(120) - GET "/files?fileId=11&organisationId=14", parameters={masked}
2025-10-31 13:09:47.289 [5ba62cfa-11cb-47f5-8c56-8d8f10ae659b] [http-nio-8080-exec-7] DEBUG o.s.w.s.m.m.a.RequestMappingHandlerMapping.getHandler(533) - Mapped to com.mis.Controller.FilesController#getMediaFile(Long, Long)
2025-10-31 13:09:47.297 [5ba62cfa-11cb-47f5-8c56-8d8f10ae659b] [http-nio-8080-exec-7] DEBUG o.s.w.s.m.m.a.HttpEntityMethodProcessor.writeWithMessageConverters(251) - Found 'Content-Type:application/vnd.openxmlformats-officedocument.spreadsheetml.sheet' in response
2025-10-31 13:09:47.298 [5ba62cfa-11cb-47f5-8c56-8d8f10ae659b] [http-nio-8080-exec-7] DEBUG o.s.w.s.m.m.a.HttpEntityMethodProcessor.traceDebug(120) - Writing [URL [file:///C:/ModuloBytes/ims/14/media/other/csv%20file.csv.xlsx]]
2025-10-31 13:09:47.299 [5ba62cfa-11cb-47f5-8c56-8d8f10ae659b] [http-nio-8080-exec-7] DEBUG o.s.web.servlet.DispatcherServlet.logResult(1138) - Completed 200 OK
2025-10-31 13:10:00.699 [7b49708d-2ae9-4eea-b373-315d28b0d31f] [http-nio-8080-exec-1] DEBUG o.s.web.servlet.DispatcherServlet.traceDebug(120) - GET "/organisation/14", parameters={}
2025-10-31 13:10:00.700 [7b49708d-2ae9-4eea-b373-315d28b0d31f] [http-nio-8080-exec-1] DEBUG o.s.w.s.m.m.a.RequestMappingHandlerMapping.getHandler(533) - Mapped to com.mis.Controller.OrganisationController#getMediaFile(Long)
2025-10-31 13:10:00.706 [276920a8-fc61-4983-b443-07e26a621553] [http-nio-8080-exec-4] DEBUG o.s.web.servlet.DispatcherServlet.traceDebug(120) - GET "/product/14", parameters={}
2025-10-31 13:10:00.707 [276920a8-fc61-4983-b443-07e26a621553] [http-nio-8080-exec-4] DEBUG o.s.w.s.m.m.a.RequestMappingHandlerMapping.getHandler(533) - Mapped to com.mis.Controller.ProductController#getAllProduct(Long)
2025-10-31 13:10:00.707 [7b49708d-2ae9-4eea-b373-315d28b0d31f] [http-nio-8080-exec-1] DEBUG o.s.w.s.m.m.a.HttpEntityMethodProcessor.writeWithMessageConverters(251) - Found 'Content-Type:image/png' in response
2025-10-31 13:10:00.707 [7b49708d-2ae9-4eea-b373-315d28b0d31f] [http-nio-8080-exec-1] DEBUG o.s.w.s.m.m.a.HttpEntityMethodProcessor.traceDebug(120) - Writing [URL [file:///C:/ModuloBytes/ims/14/media/1/Screenshot%202025-10-23%20161813.png]]
2025-10-31 13:10:00.709 [7b49708d-2ae9-4eea-b373-315d28b0d31f] [http-nio-8080-exec-1] DEBUG o.s.web.servlet.DispatcherServlet.logResult(1138) - Completed 200 OK
2025-10-31 13:10:00.720 [9fcac0ec-e48f-4e63-9db3-9d6d914fbb55] [http-nio-8080-exec-8] DEBUG o.s.web.servlet.DispatcherServlet.traceDebug(120) - GET "/organisation/14", parameters={}
2025-10-31 13:10:00.721 [276920a8-fc61-4983-b443-07e26a621553] [http-nio-8080-exec-4] DEBUG o.s.w.s.m.m.a.HttpEntityMethodProcessor.writeWithMessageConverters(310) - Using 'application/json', given [*/*] and supported [application/json, application/*+json]
2025-10-31 13:10:00.721 [9fcac0ec-e48f-4e63-9db3-9d6d914fbb55] [http-nio-8080-exec-8] DEBUG o.s.w.s.m.m.a.RequestMappingHandlerMapping.getHandler(533) - Mapped to com.mis.Controller.OrganisationController#getMediaFile(Long)
2025-10-31 13:10:00.723 [276920a8-fc61-4983-b443-07e26a621553] [http-nio-8080-exec-4] DEBUG o.s.w.s.m.m.a.HttpEntityMethodProcessor.traceDebug(120) - Writing [{data=[ProductResponse(id=1, name=shiv, category=10fsaddfsfs, description=dz, price=100.0, stockQuan (truncated)...]
2025-10-31 13:10:00.728 [9fcac0ec-e48f-4e63-9db3-9d6d914fbb55] [http-nio-8080-exec-8] DEBUG o.s.w.s.m.m.a.HttpEntityMethodProcessor.writeWithMessageConverters(251) - Found 'Content-Type:image/png' in response
2025-10-31 13:10:00.729 [9fcac0ec-e48f-4e63-9db3-9d6d914fbb55] [http-nio-8080-exec-8] DEBUG o.s.w.s.m.m.a.HttpEntityMethodProcessor.traceDebug(120) - Writing [URL [file:///C:/ModuloBytes/ims/14/media/1/Screenshot%202025-10-23%20161813.png]]
2025-10-31 13:10:00.729 [276920a8-fc61-4983-b443-07e26a621553] [http-nio-8080-exec-4] DEBUG o.s.web.servlet.DispatcherServlet.logResult(1138) - Completed 200 OK
2025-10-31 13:10:00.731 [9fcac0ec-e48f-4e63-9db3-9d6d914fbb55] [http-nio-8080-exec-8] DEBUG o.s.web.servlet.DispatcherServlet.logResult(1138) - Completed 200 OK
2025-10-31 13:10:00.737 [38b6fb2f-5718-4bed-b6c9-4feb326c48f8] [http-nio-8080-exec-10] DEBUG o.s.web.servlet.DispatcherServlet.traceDebug(120) - GET "/product/14", parameters={}
2025-10-31 13:10:00.738 [38b6fb2f-5718-4bed-b6c9-4feb326c48f8] [http-nio-8080-exec-10] DEBUG o.s.w.s.m.m.a.RequestMappingHandlerMapping.getHandler(533) - Mapped to com.mis.Controller.ProductController#getAllProduct(Long)
2025-10-31 13:10:00.745 [38b6fb2f-5718-4bed-b6c9-4feb326c48f8] [http-nio-8080-exec-10] DEBUG o.s.w.s.m.m.a.HttpEntityMethodProcessor.writeWithMessageConverters(310) - Using 'application/json', given [*/*] and supported [application/json, application/*+json]
2025-10-31 13:10:00.746 [38b6fb2f-5718-4bed-b6c9-4feb326c48f8] [http-nio-8080-exec-10] DEBUG o.s.w.s.m.m.a.HttpEntityMethodProcessor.traceDebug(120) - Writing [{data=[ProductResponse(id=1, name=shiv, category=10fsaddfsfs, description=dz, price=100.0, stockQuan (truncated)...]
2025-10-31 13:10:00.748 [38b6fb2f-5718-4bed-b6c9-4feb326c48f8] [http-nio-8080-exec-10] DEBUG o.s.web.servlet.DispatcherServlet.logResult(1138) - Completed 200 OK
2025-10-31 13:10:12.230 [b0091c99-64cc-406b-bef0-956cfa6e8aa4] [http-nio-8080-exec-9] DEBUG o.s.web.servlet.DispatcherServlet.traceDebug(120) - GET "/product/14", parameters={}
2025-10-31 13:10:12.232 [b0091c99-64cc-406b-bef0-956cfa6e8aa4] [http-nio-8080-exec-9] DEBUG o.s.w.s.m.m.a.RequestMappingHandlerMapping.getHandler(533) - Mapped to com.mis.Controller.ProductController#getAllProduct(Long)
2025-10-31 13:10:12.241 [793f3738-a318-4889-95af-720e5b0c7d5c] [http-nio-8080-exec-7] DEBUG o.s.web.servlet.DispatcherServlet.traceDebug(120) - GET "/order/14", parameters={}
2025-10-31 13:10:12.243 [793f3738-a318-4889-95af-720e5b0c7d5c] [http-nio-8080-exec-7] DEBUG o.s.w.s.m.m.a.RequestMappingHandlerMapping.getHandler(533) - Mapped to com.mis.Controller.OrderController#getAllOrder(Long, int, int)
2025-10-31 13:10:12.247 [b0091c99-64cc-406b-bef0-956cfa6e8aa4] [http-nio-8080-exec-9] DEBUG o.s.w.s.m.m.a.HttpEntityMethodProcessor.writeWithMessageConverters(310) - Using 'application/json', given [*/*] and supported [application/json, application/*+json]
2025-10-31 13:10:12.249 [b0091c99-64cc-406b-bef0-956cfa6e8aa4] [http-nio-8080-exec-9] DEBUG o.s.w.s.m.m.a.HttpEntityMethodProcessor.traceDebug(120) - Writing [{data=[ProductResponse(id=1, name=shiv, category=10fsaddfsfs, description=dz, price=100.0, stockQuan (truncated)...]
2025-10-31 13:10:12.252 [b0091c99-64cc-406b-bef0-956cfa6e8aa4] [http-nio-8080-exec-9] DEBUG o.s.web.servlet.DispatcherServlet.logResult(1138) - Completed 200 OK
2025-10-31 13:10:12.268 [6c99ba81-6ad3-42ff-92e1-bbf7aeeb781f] [http-nio-8080-exec-2] DEBUG o.s.web.servlet.DispatcherServlet.traceDebug(120) - GET "/product/14", parameters={}
2025-10-31 13:10:12.270 [6c99ba81-6ad3-42ff-92e1-bbf7aeeb781f] [http-nio-8080-exec-2] DEBUG o.s.w.s.m.m.a.RequestMappingHandlerMapping.getHandler(533) - Mapped to com.mis.Controller.ProductController#getAllProduct(Long)
2025-10-31 13:10:12.290 [6c99ba81-6ad3-42ff-92e1-bbf7aeeb781f] [http-nio-8080-exec-2] DEBUG o.s.w.s.m.m.a.HttpEntityMethodProcessor.writeWithMessageConverters(310) - Using 'application/json', given [*/*] and supported [application/json, application/*+json]
2025-10-31 13:10:12.293 [6c99ba81-6ad3-42ff-92e1-bbf7aeeb781f] [http-nio-8080-exec-2] DEBUG o.s.w.s.m.m.a.HttpEntityMethodProcessor.traceDebug(120) - Writing [{data=[ProductResponse(id=1, name=shiv, category=10fsaddfsfs, description=dz, price=100.0, stockQuan (truncated)...]
2025-10-31 13:10:12.298 [6c99ba81-6ad3-42ff-92e1-bbf7aeeb781f] [http-nio-8080-exec-2] DEBUG o.s.web.servlet.DispatcherServlet.logResult(1138) - Completed 200 OK
2025-10-31 13:10:12.320 [793f3738-a318-4889-95af-720e5b0c7d5c] [http-nio-8080-exec-7] DEBUG o.s.w.s.m.m.a.HttpEntityMethodProcessor.writeWithMessageConverters(310) - Using 'application/json', given [*/*] and supported [application/json, application/*+json]
2025-10-31 13:10:12.321 [793f3738-a318-4889-95af-720e5b0c7d5c] [http-nio-8080-exec-7] DEBUG o.s.w.s.m.m.a.HttpEntityMethodProcessor.traceDebug(120) - Writing [{data=[com.mis.DTO.Response.OrderResponse@3c31ee2a, com.mis.DTO.Response.OrderResponse@3de6eefb, com (truncated)...]
2025-10-31 13:10:12.329 [793f3738-a318-4889-95af-720e5b0c7d5c] [http-nio-8080-exec-7] DEBUG o.s.web.servlet.DispatcherServlet.logResult(1138) - Completed 200 OK
2025-10-31 13:10:12.337 [2ed0fd39-1e59-4568-892e-1a78e9598933] [http-nio-8080-exec-3] DEBUG o.s.web.servlet.DispatcherServlet.traceDebug(120) - GET "/order/14", parameters={}
2025-10-31 13:10:12.338 [2ed0fd39-1e59-4568-892e-1a78e9598933] [http-nio-8080-exec-3] DEBUG o.s.w.s.m.m.a.RequestMappingHandlerMapping.getHandler(533) - Mapped to com.mis.Controller.OrderController#getAllOrder(Long, int, int)
2025-10-31 13:10:12.343 [2ed0fd39-1e59-4568-892e-1a78e9598933] [http-nio-8080-exec-3] DEBUG o.s.w.s.m.m.a.HttpEntityMethodProcessor.writeWithMessageConverters(310) - Using 'application/json', given [*/*] and supported [application/json, application/*+json]
2025-10-31 13:10:12.344 [2ed0fd39-1e59-4568-892e-1a78e9598933] [http-nio-8080-exec-3] DEBUG o.s.w.s.m.m.a.HttpEntityMethodProcessor.traceDebug(120) - Writing [{data=[com.mis.DTO.Response.OrderResponse@53f0c46b, com.mis.DTO.Response.OrderResponse@7923d19b, com (truncated)...]
2025-10-31 13:10:12.346 [2ed0fd39-1e59-4568-892e-1a78e9598933] [http-nio-8080-exec-3] DEBUG o.s.web.servlet.DispatcherServlet.logResult(1138) - Completed 200 OK
2025-10-31 13:10:12.372 [86ac2456-2438-42d8-b87a-5e6dc6e60661] [http-nio-8080-exec-1] DEBUG o.s.web.servlet.DispatcherServlet.traceDebug(120) - GET "/organisation/14", parameters={}
2025-10-31 13:10:12.374 [86ac2456-2438-42d8-b87a-5e6dc6e60661] [http-nio-8080-exec-1] DEBUG o.s.w.s.m.m.a.RequestMappingHandlerMapping.getHandler(533) - Mapped to com.mis.Controller.OrganisationController#getMediaFile(Long)
2025-10-31 13:10:12.381 [86ac2456-2438-42d8-b87a-5e6dc6e60661] [http-nio-8080-exec-1] DEBUG o.s.w.s.m.m.a.HttpEntityMethodProcessor.writeWithMessageConverters(251) - Found 'Content-Type:image/png' in response
2025-10-31 13:10:12.382 [86ac2456-2438-42d8-b87a-5e6dc6e60661] [http-nio-8080-exec-1] DEBUG o.s.w.s.m.m.a.HttpEntityMethodProcessor.traceDebug(120) - Writing [URL [file:///C:/ModuloBytes/ims/14/media/1/Screenshot%202025-10-23%20161813.png]]
2025-10-31 13:10:12.385 [86ac2456-2438-42d8-b87a-5e6dc6e60661] [http-nio-8080-exec-1] DEBUG o.s.web.servlet.DispatcherServlet.logResult(1138) - Completed 200 OK
2025-10-31 13:10:12.395 [1ede1d44-f914-4833-9743-cc3682b1b7be] [http-nio-8080-exec-4] DEBUG o.s.web.servlet.DispatcherServlet.traceDebug(120) - GET "/organisation/14", parameters={}
2025-10-31 13:10:12.396 [1ede1d44-f914-4833-9743-cc3682b1b7be] [http-nio-8080-exec-4] DEBUG o.s.w.s.m.m.a.RequestMappingHandlerMapping.getHandler(533) - Mapped to com.mis.Controller.OrganisationController#getMediaFile(Long)
2025-10-31 13:10:12.402 [1ede1d44-f914-4833-9743-cc3682b1b7be] [http-nio-8080-exec-4] DEBUG o.s.w.s.m.m.a.HttpEntityMethodProcessor.writeWithMessageConverters(251) - Found 'Content-Type:image/png' in response
2025-10-31 13:10:12.403 [1ede1d44-f914-4833-9743-cc3682b1b7be] [http-nio-8080-exec-4] DEBUG o.s.w.s.m.m.a.HttpEntityMethodProcessor.traceDebug(120) - Writing [URL [file:///C:/ModuloBytes/ims/14/media/1/Screenshot%202025-10-23%20161813.png]]
2025-10-31 13:10:12.406 [1ede1d44-f914-4833-9743-cc3682b1b7be] [http-nio-8080-exec-4] DEBUG o.s.web.servlet.DispatcherServlet.logResult(1138) - Completed 200 OK
2025-10-31 13:10:18.838 [5e12a2c9-b749-4c49-8923-c6fc3d4bfa02] [http-nio-8080-exec-8] DEBUG o.s.web.servlet.DispatcherServlet.traceDebug(120) - GET "/organisation/14", parameters={}
2025-10-31 13:10:18.839 [5e12a2c9-b749-4c49-8923-c6fc3d4bfa02] [http-nio-8080-exec-8] DEBUG o.s.w.s.m.m.a.RequestMappingHandlerMapping.getHandler(533) - Mapped to com.mis.Controller.OrganisationController#getMediaFile(Long)
2025-10-31 13:10:18.849 [5e12a2c9-b749-4c49-8923-c6fc3d4bfa02] [http-nio-8080-exec-8] DEBUG o.s.w.s.m.m.a.HttpEntityMethodProcessor.writeWithMessageConverters(251) - Found 'Content-Type:image/png' in response
2025-10-31 13:10:18.850 [5e12a2c9-b749-4c49-8923-c6fc3d4bfa02] [http-nio-8080-exec-8] DEBUG o.s.w.s.m.m.a.HttpEntityMethodProcessor.traceDebug(120) - Writing [URL [file:///C:/ModuloBytes/ims/14/media/1/Screenshot%202025-10-23%20161813.png]]
2025-10-31 13:10:18.854 [5e12a2c9-b749-4c49-8923-c6fc3d4bfa02] [http-nio-8080-exec-8] DEBUG o.s.web.servlet.DispatcherServlet.logResult(1138) - Completed 200 OK
2025-10-31 13:10:18.864 [fce6e21c-5272-49b2-aa9d-d9cb6cc06b69] [http-nio-8080-exec-10] DEBUG o.s.web.servlet.DispatcherServlet.traceDebug(120) - GET "/organisation/14", parameters={}
2025-10-31 13:10:18.865 [fce6e21c-5272-49b2-aa9d-d9cb6cc06b69] [http-nio-8080-exec-10] DEBUG o.s.w.s.m.m.a.RequestMappingHandlerMapping.getHandler(533) - Mapped to com.mis.Controller.OrganisationController#getMediaFile(Long)
2025-10-31 13:10:18.873 [fce6e21c-5272-49b2-aa9d-d9cb6cc06b69] [http-nio-8080-exec-10] DEBUG o.s.w.s.m.m.a.HttpEntityMethodProcessor.writeWithMessageConverters(251) - Found 'Content-Type:image/png' in response
2025-10-31 13:10:18.874 [fce6e21c-5272-49b2-aa9d-d9cb6cc06b69] [http-nio-8080-exec-10] DEBUG o.s.w.s.m.m.a.HttpEntityMethodProcessor.traceDebug(120) - Writing [URL [file:///C:/ModuloBytes/ims/14/media/1/Screenshot%202025-10-23%20161813.png]]
2025-10-31 13:10:18.879 [fce6e21c-5272-49b2-aa9d-d9cb6cc06b69] [http-nio-8080-exec-10] DEBUG o.s.web.servlet.DispatcherServlet.logResult(1138) - Completed 200 OK
2025-10-31 13:10:27.557 [0dac1ddf-acd7-403b-bcab-a0de9b719cfb] [http-nio-8080-exec-9] DEBUG o.s.web.servlet.DispatcherServlet.traceDebug(120) - GET "/dashboard/14", parameters={}
2025-10-31 13:10:27.557 [617e5064-1253-4451-bac0-09722c6a2c04] [http-nio-8080-exec-6] DEBUG o.s.web.servlet.DispatcherServlet.traceDebug(120) - GET "/files/14", parameters={}
2025-10-31 13:10:27.557 [1f886753-da4d-4a39-a4a3-a01d17e1bf72] [http-nio-8080-exec-5] DEBUG o.s.web.servlet.DispatcherServlet.traceDebug(120) - GET "/organisation/14", parameters={}
2025-10-31 13:10:27.558 [0dac1ddf-acd7-403b-bcab-a0de9b719cfb] [http-nio-8080-exec-9] DEBUG o.s.w.s.m.m.a.RequestMappingHandlerMapping.getHandler(533) - Mapped to com.mis.Controller.DashboardController#getDashboardStatistics(Long)
2025-10-31 13:10:27.558 [617e5064-1253-4451-bac0-09722c6a2c04] [http-nio-8080-exec-6] DEBUG o.s.w.s.m.m.a.RequestMappingHandlerMapping.getHandler(533) - Mapped to com.mis.Controller.FilesController#getFiles(Long)
2025-10-31 13:10:27.558 [1f886753-da4d-4a39-a4a3-a01d17e1bf72] [http-nio-8080-exec-5] DEBUG o.s.w.s.m.m.a.RequestMappingHandlerMapping.getHandler(533) - Mapped to com.mis.Controller.OrganisationController#getMediaFile(Long)
2025-10-31 13:10:27.567 [0dac1ddf-acd7-403b-bcab-a0de9b719cfb] [http-nio-8080-exec-9] DEBUG o.s.w.s.m.m.a.HttpEntityMethodProcessor.writeWithMessageConverters(310) - Using 'application/json', given [*/*] and supported [application/json, application/*+json]
2025-10-31 13:10:27.567 [0dac1ddf-acd7-403b-bcab-a0de9b719cfb] [http-nio-8080-exec-9] DEBUG o.s.w.s.m.m.a.HttpEntityMethodProcessor.traceDebug(120) - Writing [{data=DashboardResponse(totalProducts=13, totalOrders=5, totalSalesAmount=1875.16), meta={message=Da (truncated)...]
2025-10-31 13:10:27.570 [1f886753-da4d-4a39-a4a3-a01d17e1bf72] [http-nio-8080-exec-5] DEBUG o.s.w.s.m.m.a.HttpEntityMethodProcessor.writeWithMessageConverters(251) - Found 'Content-Type:image/png' in response
2025-10-31 13:10:27.570 [0dac1ddf-acd7-403b-bcab-a0de9b719cfb] [http-nio-8080-exec-9] DEBUG o.s.web.servlet.DispatcherServlet.logResult(1138) - Completed 200 OK
2025-10-31 13:10:27.571 [1f886753-da4d-4a39-a4a3-a01d17e1bf72] [http-nio-8080-exec-5] DEBUG o.s.w.s.m.m.a.HttpEntityMethodProcessor.traceDebug(120) - Writing [URL [file:///C:/ModuloBytes/ims/14/media/1/Screenshot%202025-10-23%20161813.png]]
2025-10-31 13:10:27.572 [617e5064-1253-4451-bac0-09722c6a2c04] [http-nio-8080-exec-6] DEBUG o.s.w.s.m.m.a.HttpEntityMethodProcessor.writeWithMessageConverters(310) - Using 'application/json', given [*/*] and supported [application/json, application/*+json]
2025-10-31 13:10:27.573 [617e5064-1253-4451-bac0-09722c6a2c04] [http-nio-8080-exec-6] DEBUG o.s.w.s.m.m.a.HttpEntityMethodProcessor.traceDebug(120) - Writing [[com.mis.Entity.Media@c1c989, com.mis.Entity.Media@62a57ac4, com.mis.Entity.Media@23f20641, com.mis. (truncated)...]
2025-10-31 13:10:27.577 [1f886753-da4d-4a39-a4a3-a01d17e1bf72] [http-nio-8080-exec-5] DEBUG o.s.web.servlet.DispatcherServlet.logResult(1138) - Completed 200 OK
2025-10-31 13:10:27.577 [617e5064-1253-4451-bac0-09722c6a2c04] [http-nio-8080-exec-6] DEBUG o.s.web.servlet.DispatcherServlet.logResult(1138) - Completed 200 OK
2025-10-31 13:10:27.591 [66ace136-baa9-4a7e-9bdc-b19a28e33a28] [http-nio-8080-exec-7] DEBUG o.s.web.servlet.DispatcherServlet.traceDebug(120) - GET "/organisation/14", parameters={}
2025-10-31 13:10:27.591 [b0d7f795-0525-4b19-b24e-3d203e1837e1] [http-nio-8080-exec-2] DEBUG o.s.web.servlet.DispatcherServlet.traceDebug(120) - GET "/dashboard/14", parameters={}
2025-10-31 13:10:27.593 [66ace136-baa9-4a7e-9bdc-b19a28e33a28] [http-nio-8080-exec-7] DEBUG o.s.w.s.m.m.a.RequestMappingHandlerMapping.getHandler(533) - Mapped to com.mis.Controller.OrganisationController#getMediaFile(Long)
2025-10-31 13:10:27.593 [b0d7f795-0525-4b19-b24e-3d203e1837e1] [http-nio-8080-exec-2] DEBUG o.s.w.s.m.m.a.RequestMappingHandlerMapping.getHandler(533) - Mapped to com.mis.Controller.DashboardController#getDashboardStatistics(Long)
2025-10-31 13:10:27.595 [ccbad095-e572-4c3b-8a7f-80737cd08e26] [http-nio-8080-exec-5] DEBUG o.s.web.servlet.DispatcherServlet.traceDebug(120) - GET "/files/14", parameters={}
2025-10-31 13:10:27.597 [ccbad095-e572-4c3b-8a7f-80737cd08e26] [http-nio-8080-exec-5] DEBUG o.s.w.s.m.m.a.RequestMappingHandlerMapping.getHandler(533) - Mapped to com.mis.Controller.FilesController#getFiles(Long)
2025-10-31 13:10:27.602 [b0d7f795-0525-4b19-b24e-3d203e1837e1] [http-nio-8080-exec-2] DEBUG o.s.w.s.m.m.a.HttpEntityMethodProcessor.writeWithMessageConverters(310) - Using 'application/json', given [*/*] and supported [application/json, application/*+json]
2025-10-31 13:10:27.603 [b0d7f795-0525-4b19-b24e-3d203e1837e1] [http-nio-8080-exec-2] DEBUG o.s.w.s.m.m.a.HttpEntityMethodProcessor.traceDebug(120) - Writing [{data=DashboardResponse(totalProducts=13, totalOrders=5, totalSalesAmount=1875.16), meta={message=Da (truncated)...]
2025-10-31 13:10:27.606 [b0d7f795-0525-4b19-b24e-3d203e1837e1] [http-nio-8080-exec-2] DEBUG o.s.web.servlet.DispatcherServlet.logResult(1138) - Completed 200 OK
2025-10-31 13:10:27.606 [66ace136-baa9-4a7e-9bdc-b19a28e33a28] [http-nio-8080-exec-7] DEBUG o.s.w.s.m.m.a.HttpEntityMethodProcessor.writeWithMessageConverters(251) - Found 'Content-Type:image/png' in response
2025-10-31 13:10:27.607 [66ace136-baa9-4a7e-9bdc-b19a28e33a28] [http-nio-8080-exec-7] DEBUG o.s.w.s.m.m.a.HttpEntityMethodProcessor.traceDebug(120) - Writing [URL [file:///C:/ModuloBytes/ims/14/media/1/Screenshot%202025-10-23%20161813.png]]
2025-10-31 13:10:27.610 [66ace136-baa9-4a7e-9bdc-b19a28e33a28] [http-nio-8080-exec-7] DEBUG o.s.web.servlet.DispatcherServlet.logResult(1138) - Completed 200 OK
2025-10-31 13:10:27.611 [ccbad095-e572-4c3b-8a7f-80737cd08e26] [http-nio-8080-exec-5] DEBUG o.s.w.s.m.m.a.HttpEntityMethodProcessor.writeWithMessageConverters(310) - Using 'application/json', given [*/*] and supported [application/json, application/*+json]
2025-10-31 13:10:27.612 [ccbad095-e572-4c3b-8a7f-80737cd08e26] [http-nio-8080-exec-5] DEBUG o.s.w.s.m.m.a.HttpEntityMethodProcessor.traceDebug(120) - Writing [[com.mis.Entity.Media@c6be849, com.mis.Entity.Media@6ed7846e, com.mis.Entity.Media@40e3d9d6, com.mis (truncated)...]
2025-10-31 13:10:27.615 [ccbad095-e572-4c3b-8a7f-80737cd08e26] [http-nio-8080-exec-5] DEBUG o.s.web.servlet.DispatcherServlet.logResult(1138) - Completed 200 OK
2025-10-31 13:11:30.349 [] [SpringApplicationShutdownHook] INFO  o.s.b.w.e.tomcat.GracefulShutdown.shutDownGracefully(54) - Commencing graceful shutdown. Waiting for active requests to complete
2025-10-31 13:11:30.353 [] [tomcat-shutdown] INFO  o.s.b.w.e.tomcat.GracefulShutdown.doShutdown(76) - Graceful shutdown complete
2025-10-31 13:11:30.359 [] [SpringApplicationShutdownHook] INFO  o.s.o.j.LocalContainerEntityManagerFactoryBean.destroy(660) - Closing JPA EntityManagerFactory for persistence unit 'default'
2025-10-31 13:11:30.363 [] [SpringApplicationShutdownHook] INFO  com.zaxxer.hikari.HikariDataSource.close(349) - HikariPool-1 - Shutdown initiated...
2025-10-31 13:11:30.374 [] [SpringApplicationShutdownHook] INFO  com.zaxxer.hikari.HikariDataSource.close(351) - HikariPool-1 - Shutdown completed.
